
> temp_app@0.1.0 dev
> next dev

▲ Next.js 16.2.2 (Turbopack)
- Local:         http://localhost:3000
- Network:       http://192.168.0.2:3000
✓ Ready in 922ms
Attention: Next.js now collects completely anonymous telemetry regarding usage.
This information is used to shape Next.js' roadmap and prioritize features.
You can learn more, including how to opt-out if you'd not like to participate in this anonymous program, by visiting the following URL:
https://nextjs.org/telemetry


○ Compiling / ...
 GET / 307 in 7.4s (next.js: 6.5s, application-code: 893ms)
○ Compiling /leads ...
 GET /leads 200 in 6.3s (next.js: 5.8s, application-code: 590ms)
 GET /leads 200 in 239ms (next.js: 11ms, application-code: 228ms)
 GET / 307 in 147ms (next.js: 5ms, application-code: 143ms)
 GET /leads 200 in 87ms (next.js: 4ms, application-code: 84ms)
 GET /leads 200 in 118ms (next.js: 8ms, application-code: 110ms)
 GET / 307 in 149ms (next.js: 4ms, application-code: 145ms)
 GET /leads 200 in 80ms (next.js: 7ms, application-code: 73ms)
 GET /leads 200 in 85ms (next.js: 7ms, application-code: 78ms)
